[2022-01-17T00:13:27.073] [ERROR] myError - TypeError: Cannot read property 'json' of undefined
    at Object.obtenerMensajes (E:\Users\Fede\Documents\DESA\backend\clase38\controllers\mensajesController.js:66:13)
    at processTicksAndRejections (internal/process/task_queues.js:93:5)
    at async E:\Users\Fede\Documents\DESA\backend\clase38\services\sockets.js:12:37
[2022-01-17T00:17:03.822] [ERROR] myError - TypeError: Cannot read property 'json' of undefined
    at Object.obtenerMensajes (E:\Users\Fede\Documents\DESA\backend\clase38\controllers\mensajesController.js:66:13)
    at processTicksAndRejections (internal/process/task_queues.js:93:5)
    at async E:\Users\Fede\Documents\DESA\backend\clase38\services\sockets.js:12:37
[2022-01-17T00:18:56.886] [ERROR] myError - TypeError: Cannot read property 'status' of undefined
    at Object.obtenerMensajes (E:\Users\Fede\Documents\DESA\backend\clase38\controllers\mensajesController.js:68:18)
    at processTicksAndRejections (internal/process/task_queues.js:93:5)
    at async E:\Users\Fede\Documents\DESA\backend\clase38\services\sockets.js:12:37
[2022-01-17T00:27:07.948] [ERROR] myError - TypeError: Cannot read property 'status' of undefined
    at Object.obtenerMensajes (E:\Users\Fede\Documents\DESA\backend\clase38\controllers\mensajesController.js:68:18)
    at processTicksAndRejections (internal/process/task_queues.js:93:5)
    at async E:\Users\Fede\Documents\DESA\backend\clase38\services\sockets.js:12:37
[2022-01-17T00:27:10.863] [ERROR] myError - TypeError: Cannot read property 'status' of undefined
    at Object.obtenerMensajes (E:\Users\Fede\Documents\DESA\backend\clase38\controllers\mensajesController.js:68:18)
    at processTicksAndRejections (internal/process/task_queues.js:93:5)
    at async E:\Users\Fede\Documents\DESA\backend\clase38\services\sockets.js:12:37
[2022-01-17T00:27:18.155] [ERROR] myError - TypeError: Cannot read property 'status' of undefined
    at Object.obtenerMensajes (E:\Users\Fede\Documents\DESA\backend\clase38\controllers\mensajesController.js:68:18)
    at processTicksAndRejections (internal/process/task_queues.js:93:5)
    at async E:\Users\Fede\Documents\DESA\backend\clase38\services\sockets.js:12:37
[2022-01-17T00:30:31.693] [ERROR] myError - TypeError: Cannot read property 'status' of undefined
    at Object.obtenerMensajes (E:\Users\Fede\Documents\DESA\backend\clase38\controllers\mensajesController.js:68:18)
    at processTicksAndRejections (internal/process/task_queues.js:93:5)
    at async E:\Users\Fede\Documents\DESA\backend\clase38\services\sockets.js:12:37
[2022-01-17T00:43:05.298] [ERROR] myError - TypeError: Cannot read property 'status' of undefined
    at Object.obtenerMensajes (E:\Users\Fede\Documents\DESA\backend\clase38\controllers\mensajesController.js:71:25)
    at processTicksAndRejections (internal/process/task_queues.js:93:5)
    at async E:\Users\Fede\Documents\DESA\backend\clase38\services\sockets.js:12:37
[2022-01-17T00:43:07.313] [ERROR] myError - TypeError: Cannot read property 'status' of undefined
    at Object.obtenerMensajes (E:\Users\Fede\Documents\DESA\backend\clase38\controllers\mensajesController.js:71:25)
    at processTicksAndRejections (internal/process/task_queues.js:93:5)
    at async E:\Users\Fede\Documents\DESA\backend\clase38\services\sockets.js:12:37
[2022-01-17T00:45:14.121] [ERROR] myError - TypeError: Cannot read property 'status' of undefined
    at Object.obtenerMensajes (E:\Users\Fede\Documents\DESA\backend\clase38\controllers\mensajesController.js:71:25)
    at processTicksAndRejections (internal/process/task_queues.js:93:5)
    at async E:\Users\Fede\Documents\DESA\backend\clase38\services\sockets.js:12:37
[2022-01-17T01:01:17.174] [ERROR] myError - TypeError: Cannot read property 'status' of undefined
    at Object.obtenerMensajes (E:\Users\Fede\Documents\DESA\backend\clase38\controllers\mensajesController.js:71:25)
    at processTicksAndRejections (internal/process/task_queues.js:93:5)
    at async E:\Users\Fede\Documents\DESA\backend\clase38\services\sockets.js:12:37
[2022-01-17T01:05:47.597] [ERROR] myError - TypeError: Cannot read property 'status' of undefined
    at Object.obtenerMensajes (E:\Users\Fede\Documents\DESA\backend\clase38\controllers\mensajesController.js:71:25)
    at processTicksAndRejections (internal/process/task_queues.js:93:5)
[2022-01-17T01:06:35.428] [ERROR] myError - TypeError: Cannot read property 'status' of undefined
    at Object.obtenerMensajes (E:\Users\Fede\Documents\DESA\backend\clase38\controllers\mensajesController.js:71:25)
    at processTicksAndRejections (internal/process/task_queues.js:93:5)
    at async E:\Users\Fede\Documents\DESA\backend\clase38\services\sockets.js:12:37
